Performing C SOURCE FILE Test CMAKE_HAVE_LIBC_PTHREAD failed with the following output:
Change Dir: /mnt/d/sql/scudb_initial/build/CMakeFiles/CMakeTmp

Run Build Command(s):/usr/bin/make cmTC_34fce/fast && /usr/bin/make -f CMakeFiles/cmTC_34fce.dir/build.make CMakeFiles/cmTC_34fce.dir/build
make[1]: Entering directory '/mnt/d/sql/scudb_initial/build/CMakeFiles/CMakeTmp'
Building C object CMakeFiles/cmTC_34fce.dir/src.c.o
/usr/bin/cc   -DCMAKE_HAVE_LIBC_PTHREAD   -o CMakeFiles/cmTC_34fce.dir/src.c.o   -c /mnt/d/sql/scudb_initial/build/CMakeFiles/CMakeTmp/src.c
Linking C executable cmTC_34fce
/usr/bin/cmake -E cmake_link_script CMakeFiles/cmTC_34fce.dir/link.txt --verbose=1
/usr/bin/cc  -DCMAKE_HAVE_LIBC_PTHREAD    -rdynamic CMakeFiles/cmTC_34fce.dir/src.c.o  -o cmTC_34fce 
/usr/bin/ld: CMakeFiles/cmTC_34fce.dir/src.c.o: in function `main':
src.c:(.text+0x46): undefined reference to `pthread_create'
/usr/bin/ld: src.c:(.text+0x52): undefined reference to `pthread_detach'
/usr/bin/ld: src.c:(.text+0x63): undefined reference to `pthread_join'
collect2: error: ld returned 1 exit status
CMakeFiles/cmTC_34fce.dir/build.make:86: recipe for target 'cmTC_34fce' failed
make[1]: *** [cmTC_34fce] Error 1
make[1]: Leaving directory '/mnt/d/sql/scudb_initial/build/CMakeFiles/CMakeTmp'
Makefile:121: recipe for target 'cmTC_34fce/fast' failed
make: *** [cmTC_34fce/fast] Error 2


Source file was:
#include <pthread.h>

void* test_func(void* data)
{
  return data;
}

int main(void)
{
  pthread_t thread;
  pthread_create(&thread, NULL, test_func, NULL);
  pthread_detach(thread);
  pthread_join(thread, NULL);
  pthread_atfork(NULL, NULL, NULL);
  pthread_exit(NULL);

  return 0;
}

Determining if the function pthread_create exists in the pthreads failed with the following output:
Change Dir: /mnt/d/sql/scudb_initial/build/CMakeFiles/CMakeTmp

Run Build Command(s):/usr/bin/make cmTC_0cc94/fast && /usr/bin/make -f CMakeFiles/cmTC_0cc94.dir/build.make CMakeFiles/cmTC_0cc94.dir/build
make[1]: Entering directory '/mnt/d/sql/scudb_initial/build/CMakeFiles/CMakeTmp'
Building C object CMakeFiles/cmTC_0cc94.dir/CheckFunctionExists.c.o
/usr/bin/cc   -DCHECK_FUNCTION_EXISTS=pthread_create   -o CMakeFiles/cmTC_0cc94.dir/CheckFunctionExists.c.o   -c /usr/share/cmake-3.16/Modules/CheckFunctionExists.c
Linking C executable cmTC_0cc94
/usr/bin/cmake -E cmake_link_script CMakeFiles/cmTC_0cc94.dir/link.txt --verbose=1
/usr/bin/cc  -DCHECK_FUNCTION_EXISTS=pthread_create    -rdynamic CMakeFiles/cmTC_0cc94.dir/CheckFunctionExists.c.o  -o cmTC_0cc94  -lpthreads 
/usr/bin/ld: cannot find -lpthreads
collect2: error: ld returned 1 exit status
CMakeFiles/cmTC_0cc94.dir/build.make:86: recipe for target 'cmTC_0cc94' failed
make[1]: *** [cmTC_0cc94] Error 1
make[1]: Leaving directory '/mnt/d/sql/scudb_initial/build/CMakeFiles/CMakeTmp'
Makefile:121: recipe for target 'cmTC_0cc94/fast' failed
make: *** [cmTC_0cc94/fast] Error 2



